<?xml version="1.0" encoding="UTF-8"?>
<testsuite xmlns:xsi="http://www.w3.org/2001/XMLSchema-instance" xsi:noNamespaceSchemaLocation="https://maven.apache.org/surefire/maven-surefire-plugin/xsd/surefire-test-report.xsd" name="com.example.order.domain.service.impl.OrderDomainServiceImplTest" time="1.013" tests="12" errors="0" skipped="0" failures="0">
  <properties>
[...]
</properties>
  <testcase name="testPayOrderWithNonExistentOrder" classname="com.example.order.domain.service.impl.OrderDomainServiceImplTest" time="0.9"/>
  <testcase name="testCreateOrderWithInvalidUserIdInService" classname="com.example.order.domain.service.impl.OrderDomainServiceImplTest" time="0.006"/>
  <testcase name="testCancelOrderWithNonExistentOrder" classname="com.example.order.domain.service.impl.OrderDomainServiceImplTest" time="0.005"/>
  <testcase name="testCreateOrderWithEmptyOrderItems" classname="com.example.order.domain.service.impl.OrderDomainServiceImplTest" time="0.005"/>
  <testcase name="testCreateOrder" classname="com.example.order.domain.service.impl.OrderDomainServiceImplTest" time="0.012"/>
  <testcase name="testCompleteOrderWithNonShippedOrder" classname="com.example.order.domain.service.impl.OrderDomainServiceImplTest" time="0.008"/>
  <testcase name="testShipOrderWithNonPaidOrder" classname="com.example.order.domain.service.impl.OrderDomainServiceImplTest" time="0.006"/>
  <testcase name="testCreateOrderWithInvalidUserId" classname="com.example.order.domain.service.impl.OrderDomainServiceImplTest" time="0.005"/>
  <testcase name="testShipOrder" classname="com.example.order.domain.service.impl.OrderDomainServiceImplTest" time="0.006"/>
  <testcase name="testCancelOrder" classname="com.example.order.domain.service.impl.OrderDomainServiceImplTest" time="0.014"/>
  <testcase name="testCompleteOrder" classname="com.example.order.domain.service.impl.OrderDomainServiceImplTest" time="0.011"/>
  <testcase name="testPayOrder" classname="com.example.order.domain.service.impl.OrderDomainServiceImplTest" time="0.014"/>
</testsuite>