<?xml version="1.0" encoding="UTF-8"?>
<testsuite xmlns:xsi="http://www.w3.org/2001/XMLSchema-instance" xsi:noNamespaceSchemaLocation="https://maven.apache.org/surefire/maven-surefire-plugin/xsd/surefire-test-report.xsd" name="com.example.order.infrastructure.acl.promotion.PromotionClientImplTest" time="0.129" tests="14" errors="0" skipped="0" failures="0">
  <properties>
[...]
</properties>
  <testcase name="testGetCouponById" classname="com.example.order.infrastructure.acl.promotion.PromotionClientImplTest" time="0.072"/>
  <testcase name="testGetCurrentActivities" classname="com.example.order.infrastructure.acl.promotion.PromotionClientImplTest" time="0.001"/>
  <testcase name="testReceiveCoupon" classname="com.example.order.infrastructure.acl.promotion.PromotionClientImplTest" time="0.003"/>
  <testcase name="testGetActivityById" classname="com.example.order.infrastructure.acl.promotion.PromotionClientImplTest" time="0.001"/>
  <testcase name="testCheckCouponValidityInsufficientAmount" classname="com.example.order.infrastructure.acl.promotion.PromotionClientImplTest" time="0.004"/>
  <testcase name="testGetActivitiesByProductId" classname="com.example.order.infrastructure.acl.promotion.PromotionClientImplTest" time="0.004"/>
  <testcase name="testGetAvailableCoupons" classname="com.example.order.infrastructure.acl.promotion.PromotionClientImplTest" time="0.004"/>
  <testcase name="testUseCoupon" classname="com.example.order.infrastructure.acl.promotion.PromotionClientImplTest" time="0.004"/>
  <testcase name="testGetAvailableCouponsEmpty" classname="com.example.order.infrastructure.acl.promotion.PromotionClientImplTest" time="0.004"/>
  <testcase name="testCalculateDiscountProductNotApplicable" classname="com.example.order.infrastructure.acl.promotion.PromotionClientImplTest" time="0"/>
  <testcase name="testCheckCouponValidity" classname="com.example.order.infrastructure.acl.promotion.PromotionClientImplTest" time="0.001"/>
  <testcase name="testGetCouponByIdNotFound" classname="com.example.order.infrastructure.acl.promotion.PromotionClientImplTest" time="0.002"/>
  <testcase name="testRefundCoupon" classname="com.example.order.infrastructure.acl.promotion.PromotionClientImplTest" time="0.004"/>
  <testcase name="testCalculateDiscount" classname="com.example.order.infrastructure.acl.promotion.PromotionClientImplTest" time="0.003"/>
</testsuite>